<?xml version="1.0" encoding="UTF-8"?>
<testng-results ignored="0" total="2" passed="2" failed="0" skipped="0">
  <reporter-output>
  </reporter-output>
  <suite started-at="2022-09-08T13:17:35 IST" name="Suite" finished-at="2022-09-08T13:18:34 IST" duration-ms="58523">
    <groups>
    </groups>
    <test started-at="2022-09-08T13:17:35 IST" name="Test" finished-at="2022-09-08T13:18:34 IST" duration-ms="58523">
      <class name="com.qa.TestLayer.Login$LoginTest">
        <test-method is-config="true" signature="setup()[pri:0, instance:com.qa.TestLayer.Login$LoginTest@795cd85e]" started-at="2022-09-08T13:17:35 IST" name="setup" finished-at="2022-09-08T13:17:50 IST" duration-ms="14289" status="PASS">
          <reporter-output>
          </reporter-output>
        </test-method> <!-- setup -->
        <test-method signature="verifyLogin()[pri:0, instance:com.qa.TestLayer.Login$LoginTest@795cd85e]" started-at="2022-09-08T13:17:50 IST" name="verifyLogin" finished-at="2022-09-08T13:17:55 IST" duration-ms="5224" status="PASS">
          <reporter-output>
          </reporter-output>
        </test-method> <!-- verifyLogin -->
      </class> <!-- com.qa.TestLayer.Login$LoginTest -->
      <class name="com.qa.TestLayer.RegisterPatientTest">
        <test-method is-config="true" signature="setup()[pri:0, instance:com.qa.TestLayer.RegisterPatientTest@7b9a4292]" started-at="2022-09-08T13:17:55 IST" name="setup" finished-at="2022-09-08T13:18:12 IST" duration-ms="17006" status="PASS">
          <reporter-output>
          </reporter-output>
        </test-method> <!-- setup -->
        <test-method signature="verifyRegister()[pri:0, instance:com.qa.TestLayer.RegisterPatientTest@7b9a4292]" started-at="2022-09-08T13:18:12 IST" name="verifyRegister" finished-at="2022-09-08T13:18:34 IST" duration-ms="21948" status="PASS">
          <reporter-output>
          </reporter-output>
        </test-method> <!-- verifyRegister -->
      </class> <!-- com.qa.TestLayer.RegisterPatientTest -->
    </test> <!-- Test -->
  </suite> <!-- Suite -->
</testng-results>
